<?xml version="1.0" encoding="UTF-8"?>
<testng-results skipped="0" failed="0" ignored="0" total="1" passed="1">
  <reporter-output>
  </reporter-output>
  <suite name="Suite" duration-ms="8919" started-at="2018-07-31T11:08:53Z" finished-at="2018-07-31T11:09:02Z">
    <groups>
    </groups>
    <test name="Test" duration-ms="8919" started-at="2018-07-31T11:08:53Z" finished-at="2018-07-31T11:09:02Z">
      <class name="baseClass.HomePageTest">
        <test-method status="PASS" signature="openbrowser()[pri:0, instance:baseClass.HomePageTest@4563e9ab]" name="openbrowser" is-config="true" duration-ms="8143" started-at="2018-07-31T16:38:53Z" finished-at="2018-07-31T16:39:01Z">
          <reporter-output>
          </reporter-output>
        </test-method> <!-- openbrowser -->
        <test-method status="PASS" signature="homePagetest()[pri:0, instance:baseClass.HomePageTest@4563e9ab]" name="homePagetest" duration-ms="11" started-at="2018-07-31T16:39:01Z" finished-at="2018-07-31T16:39:01Z">
          <reporter-output>
          </reporter-output>
        </test-method> <!-- homePagetest -->
        <test-method status="PASS" signature="closebrowser()[pri:0, instance:baseClass.HomePageTest@4563e9ab]" name="closebrowser" is-config="true" duration-ms="750" started-at="2018-07-31T16:39:01Z" finished-at="2018-07-31T16:39:02Z">
          <reporter-output>
          </reporter-output>
        </test-method> <!-- closebrowser -->
      </class> <!-- baseClass.HomePageTest -->
    </test> <!-- Test -->
  </suite> <!-- Suite -->
</testng-results>
